[10-Dec-2016 17:40:46 UTC] PHP Parse error:  syntax error, unexpected 'e' (T_STRING), expecting variable (T_VARIABLE) in /home/ubuntu/workspace/Assignments/Blog/index.php on line 25
[10-Dec-2016 19:56:03 UTC] PHP Fatal error:  Cannot use isset() on the result of an expression (you can use "null !== expression" instead) in /home/ubuntu/workspace/Assignments/Blog/index.php on line 5
[10-Dec-2016 20:06:05 UTC] PHP Fatal error:  Cannot use isset() on the result of an expression (you can use "null !== expression" instead) in /home/ubuntu/workspace/Assignments/Blog/index.php on line 5
[10-Dec-2016 23:33:38 UTC] PHP Warning:  include(./config.php): failed to open stream: No such file or directory in /home/ubuntu/workspace/Assignments/Blog/inc/dbhandler.php on line 3
[10-Dec-2016 23:33:38 UTC] PHP Stack trace:
[10-Dec-2016 23:33:38 UTC] PHP   1. {main}() /home/ubuntu/workspace/Assignments/Blog/viewblog.php:0
[10-Dec-2016 23:33:38 UTC] PHP   2. include() /home/ubuntu/workspace/Assignments/Blog/viewblog.php:4
[10-Dec-2016 23:33:38 UTC] PHP Warning:  include(): Failed opening './config.php' for inclusion (include_path='.:/usr/share/php:/usr/share/pear') in /home/ubuntu/workspace/Assignments/Blog/inc/dbhandler.php on line 3
[10-Dec-2016 23:33:38 UTC] PHP Stack trace:
[10-Dec-2016 23:33:38 UTC] PHP   1. {main}() /home/ubuntu/workspace/Assignments/Blog/viewblog.php:0
[10-Dec-2016 23:33:38 UTC] PHP   2. include() /home/ubuntu/workspace/Assignments/Blog/viewblog.php:4
[10-Dec-2016 23:43:22 UTC] PHP Parse error:  syntax error, unexpected '' (T_ENCAPSED_AND_WHITESPACE), expecting identifier (T_STRING) or variable (T_VARIABLE) or number (T_NUM_STRING) in /home/ubuntu/workspace/Assignments/Blog/viewblog.php on line 69
[10-Dec-2016 23:43:43 UTC] PHP Parse error:  syntax error, unexpected '' (T_ENCAPSED_AND_WHITESPACE), expecting identifier (T_STRING) or variable (T_VARIABLE) or number (T_NUM_STRING) in /home/ubuntu/workspace/Assignments/Blog/viewblog.php on line 69
[10-Dec-2016 23:43:59 UTC] PHP Parse error:  syntax error, unexpected '' (T_ENCAPSED_AND_WHITESPACE), expecting identifier (T_STRING) or variable (T_VARIABLE) or number (T_NUM_STRING) in /home/ubuntu/workspace/Assignments/Blog/viewblog.php on line 69
[09-Jan-2017 03:12:06 UTC] PHP Parse error:  syntax error, unexpected '=>' (T_DOUBLE_ARROW) in /home/ubuntu/workspace/Assignments/React/login.php on line 20
[09-Jan-2017 03:12:57 UTC] PHP Parse error:  syntax error, unexpected '=>' (T_DOUBLE_ARROW) in /home/ubuntu/workspace/Assignments/React/login.php on line 7
[09-Jan-2017 03:13:27 UTC] PHP Parse error:  syntax error, unexpected '=>' (T_DOUBLE_ARROW) in /home/ubuntu/workspace/Assignments/React/login.php on line 7
[09-Jan-2017 03:18:18 UTC] PHP Fatal error:  Call to undefined function parse() in /home/ubuntu/workspace/Assignments/React/login.php on line 4
[09-Jan-2017 03:18:18 UTC] PHP Stack trace:
[09-Jan-2017 03:18:18 UTC] PHP   1. {main}() /home/ubuntu/workspace/Assignments/React/login.php:0
[09-Jan-2017 03:26:33 UTC] PHP Parse error:  syntax error, unexpected '->' (T_OBJECT_OPERATOR) in /home/ubuntu/workspace/Assignments/React/login.php on line 39
[09-Jan-2017 03:26:47 UTC] PHP Parse error:  syntax error, unexpected '->' (T_OBJECT_OPERATOR) in /home/ubuntu/workspace/Assignments/React/login.php on line 39
[09-Jan-2017 05:13:42 UTC] PHP Fatal error:  Call to undefined function getMessage() in /home/ubuntu/workspace/Assignments/React/login.php on line 43
[09-Jan-2017 05:13:42 UTC] PHP Stack trace:
[09-Jan-2017 05:13:42 UTC] PHP   1. {main}() /home/ubuntu/workspace/Assignments/React/login.php:0
[09-Jan-2017 05:14:24 UTC] PHP Fatal error:  Call to undefined function getMessage() in /home/ubuntu/workspace/Assignments/React/login.php on line 43
[09-Jan-2017 05:14:24 UTC] PHP Stack trace:
[09-Jan-2017 05:14:24 UTC] PHP   1. {main}() /home/ubuntu/workspace/Assignments/React/login.php:0
[09-Jan-2017 05:14:57 UTC] PHP Fatal error:  Call to undefined function getMessage() in /home/ubuntu/workspace/Assignments/React/login.php on line 43
[09-Jan-2017 05:14:57 UTC] PHP Stack trace:
[09-Jan-2017 05:14:57 UTC] PHP   1. {main}() /home/ubuntu/workspace/Assignments/React/login.php:0
